{"C:\\Users\\cxavi\\OneDrive\\Documentos\\Aulas\\Alura\\Node.js\\Testes unitarios e de integracão\\index.js": {"path":"C:\\Users\\cxavi\\OneDrive\\Documentos\\Aulas\\Alura\\Node.js\\Testes unitarios e de integracão\\index.js","statementMap":{"0":{"start":{"line":2,"column":24},"end":{"line":2,"column":69}},"1":{"start":{"line":2,"column":49},"end":{"line":2,"column":69}},"2":{"start":{"line":4,"column":34},"end":{"line":4,"column":75}},"3":{"start":{"line":4,"column":57},"end":{"line":4,"column":75}}},"fnMap":{"0":{"name":"(anonymous_0)","decl":{"start":{"line":2,"column":24},"end":{"line":2,"column":25}},"loc":{"start":{"line":2,"column":49},"end":{"line":2,"column":69}},"line":2},"1":{"name":"(anonymous_1)","decl":{"start":{"line":4,"column":34},"end":{"line":4,"column":35}},"loc":{"start":{"line":4,"column":57},"end":{"line":4,"column":75}},"line":4}},"branchMap":{},"s":{"0":1,"1":1,"2":1,"3":1},"f":{"0":1,"1":1},"b":{},"_coverageSchema":"1a1c01bbd47fc00a2c39e90264f33305004495a9","hash":"ba63be71393a86ace047693e5f6de68d897e66ae"}
}
